{"D:\\React\\jest-practice7\\src\\components\\CheckboxWithLabel\\CheckboxWithLabel.jsx": {"path":"D:\\React\\jest-practice7\\src\\components\\CheckboxWithLabel\\CheckboxWithLabel.jsx","statementMap":{"0":{"start":{"line":6,"column":4},"end":{"line":6,"column":17}},"1":{"start":{"line":7,"column":4},"end":{"line":9,"column":6}},"2":{"start":{"line":11,"column":4},"end":{"line":11,"column":45}},"3":{"start":{"line":15,"column":4},"end":{"line":17,"column":7}},"4":{"start":{"line":21,"column":4},"end":{"line":26,"column":6}},"5":{"start":{"line":30,"column":0},"end":{"line":33,"column":2}}},"fnMap":{"0":{"name":"(anonymous_0)","decl":{"start":{"line":5,"column":2},"end":{"line":5,"column":3}},"loc":{"start":{"line":5,"column":21},"end":{"line":12,"column":3}},"line":5},"1":{"name":"(anonymous_1)","decl":{"start":{"line":14,"column":2},"end":{"line":14,"column":3}},"loc":{"start":{"line":14,"column":13},"end":{"line":18,"column":3}},"line":14},"2":{"name":"(anonymous_2)","decl":{"start":{"line":20,"column":2},"end":{"line":20,"column":3}},"loc":{"start":{"line":20,"column":11},"end":{"line":27,"column":3}},"line":20}},"branchMap":{"0":{"loc":{"start":{"line":24,"column":9},"end":{"line":24,"column":72}},"type":"cond-expr","locations":[{"start":{"line":24,"column":32},"end":{"line":24,"column":50}},{"start":{"line":24,"column":53},"end":{"line":24,"column":72}}],"line":24}},"s":{"0":1,"1":1,"2":1,"3":1,"4":2,"5":1},"f":{"0":1,"1":1,"2":2},"b":{"0":[1,1]},"_coverageSchema":"43e27e138ebf9cfc5966b082cf9a028302ed4184","hash":"1ee344c0d60895a4b461e418f2403c3efa0056d0"}
,"D:\\React\\jest-practice7\\src\\components\\Counter\\Counter.jsx": {"path":"D:\\React\\jest-practice7\\src\\components\\Counter\\Counter.jsx","statementMap":{"0":{"start":{"line":4,"column":2},"end":{"line":4,"column":20}},"1":{"start":{"line":9,"column":4},"end":{"line":9,"column":17}},"2":{"start":{"line":10,"column":4},"end":{"line":13,"column":6}},"3":{"start":{"line":17,"column":4},"end":{"line":30,"column":6}},"4":{"start":{"line":22,"column":54},"end":{"line":22,"column":93}},"5":{"start":{"line":26,"column":33},"end":{"line":26,"column":80}}},"fnMap":{"0":{"name":"Title","decl":{"start":{"line":3,"column":9},"end":{"line":3,"column":14}},"loc":{"start":{"line":3,"column":17},"end":{"line":5,"column":1}},"line":3},"1":{"name":"(anonymous_1)","decl":{"start":{"line":8,"column":2},"end":{"line":8,"column":3}},"loc":{"start":{"line":8,"column":21},"end":{"line":14,"column":3}},"line":8},"2":{"name":"(anonymous_2)","decl":{"start":{"line":16,"column":2},"end":{"line":16,"column":3}},"loc":{"start":{"line":16,"column":11},"end":{"line":31,"column":3}},"line":16},"3":{"name":"(anonymous_3)","decl":{"start":{"line":22,"column":49},"end":{"line":22,"column":50}},"loc":{"start":{"line":22,"column":54},"end":{"line":22,"column":93}},"line":22},"4":{"name":"(anonymous_4)","decl":{"start":{"line":26,"column":25},"end":{"line":26,"column":26}},"loc":{"start":{"line":26,"column":31},"end":{"line":26,"column":82}},"line":26}},"branchMap":{},"s":{"0":2,"1":2,"2":2,"3":4,"4":1,"5":1},"f":{"0":2,"1":2,"2":4,"3":1,"4":1},"b":{},"_coverageSchema":"43e27e138ebf9cfc5966b082cf9a028302ed4184","hash":"8f3e2f8472c33621d5feef458a79b5a269bc87a0"}
,"D:\\React\\jest-practice7\\src\\components\\Header\\Header.jsx": {"path":"D:\\React\\jest-practice7\\src\\components\\Header\\Header.jsx","statementMap":{"0":{"start":{"line":7,"column":4},"end":{"line":12,"column":6}}},"fnMap":{"0":{"name":"(anonymous_0)","decl":{"start":{"line":6,"column":2},"end":{"line":6,"column":3}},"loc":{"start":{"line":6,"column":11},"end":{"line":13,"column":3}},"line":6}},"branchMap":{},"s":{"0":1},"f":{"0":1},"b":{},"_coverageSchema":"43e27e138ebf9cfc5966b082cf9a028302ed4184","hash":"68884d8d601766e3d1b7a6ccb9e03f04aadd6180"}
,"D:\\React\\jest-practice7\\src\\components\\Link\\Link.jsx": {"path":"D:\\React\\jest-practice7\\src\\components\\Link\\Link.jsx","statementMap":{"0":{"start":{"line":4,"column":15},"end":{"line":7,"column":1}},"1":{"start":{"line":11,"column":4},"end":{"line":11,"column":17}},"2":{"start":{"line":13,"column":4},"end":{"line":15,"column":6}},"3":{"start":{"line":17,"column":4},"end":{"line":17,"column":49}},"4":{"start":{"line":18,"column":4},"end":{"line":18,"column":49}},"5":{"start":{"line":22,"column":4},"end":{"line":24,"column":7}},"6":{"start":{"line":28,"column":4},"end":{"line":30,"column":7}},"7":{"start":{"line":34,"column":4},"end":{"line":43,"column":6}},"8":{"start":{"line":47,"column":0},"end":{"line":50,"column":2}}},"fnMap":{"0":{"name":"(anonymous_0)","decl":{"start":{"line":10,"column":2},"end":{"line":10,"column":3}},"loc":{"start":{"line":10,"column":21},"end":{"line":19,"column":3}},"line":10},"1":{"name":"(anonymous_1)","decl":{"start":{"line":21,"column":2},"end":{"line":21,"column":3}},"loc":{"start":{"line":21,"column":15},"end":{"line":25,"column":3}},"line":21},"2":{"name":"(anonymous_2)","decl":{"start":{"line":27,"column":2},"end":{"line":27,"column":3}},"loc":{"start":{"line":27,"column":15},"end":{"line":31,"column":3}},"line":27},"3":{"name":"(anonymous_3)","decl":{"start":{"line":33,"column":2},"end":{"line":33,"column":3}},"loc":{"start":{"line":33,"column":11},"end":{"line":44,"column":3}},"line":33}},"branchMap":{"0":{"loc":{"start":{"line":37,"column":14},"end":{"line":37,"column":36}},"type":"binary-expr","locations":[{"start":{"line":37,"column":14},"end":{"line":37,"column":29}},{"start":{"line":37,"column":33},"end":{"line":37,"column":36}}],"line":37}},"s":{"0":1,"1":2,"2":2,"3":2,"4":2,"5":2,"6":2,"7":6,"8":1},"f":{"0":2,"1":2,"2":2,"3":6},"b":{"0":[6,6]},"_coverageSchema":"43e27e138ebf9cfc5966b082cf9a028302ed4184","hash":"3135c8426e5c1d5091951f3ef75f29ff2edba23e"}
}
