TN:
SF:D:\React\jest-practice7\src\components\CheckboxWithLabel\CheckboxWithLabel.jsx
FN:5,(anonymous_0)
FN:14,(anonymous_1)
FN:20,(anonymous_2)
FNF:3
FNH:3
FNDA:1,(anonymous_0)
FNDA:1,(anonymous_1)
FNDA:2,(anonymous_2)
DA:6,1
DA:7,1
DA:11,1
DA:15,1
DA:21,2
DA:30,1
LF:6
LH:6
BRDA:24,0,0,1
BRDA:24,0,1,1
BRF:2
BRH:2
end_of_record
TN:
SF:D:\React\jest-practice7\src\components\Counter\Counter.jsx
FN:3,Title
FN:8,(anonymous_1)
FN:16,(anonymous_2)
FN:22,(anonymous_3)
FN:26,(anonymous_4)
FNF:5
FNH:5
FNDA:2,Title
FNDA:2,(anonymous_1)
FNDA:4,(anonymous_2)
FNDA:1,(anonymous_3)
FNDA:1,(anonymous_4)
DA:4,2
DA:9,2
DA:10,2
DA:17,4
DA:22,1
DA:26,1
LF:6
LH:6
BRF:0
BRH:0
end_of_record
TN:
SF:D:\React\jest-practice7\src\components\Header\Header.jsx
FN:6,(anonymous_0)
FNF:1
FNH:1
FNDA:1,(anonymous_0)
DA:7,1
LF:1
LH:1
BRF:0
BRH:0
end_of_record
TN:
SF:D:\React\jest-practice7\src\components\Link\Link.jsx
FN:10,(anonymous_0)
FN:21,(anonymous_1)
FN:27,(anonymous_2)
FN:33,(anonymous_3)
FNF:4
FNH:4
FNDA:2,(anonymous_0)
FNDA:2,(anonymous_1)
FNDA:2,(anonymous_2)
FNDA:6,(anonymous_3)
DA:4,1
DA:11,2
DA:13,2
DA:17,2
DA:18,2
DA:22,2
DA:28,2
DA:34,6
DA:47,1
LF:9
LH:9
BRDA:37,0,0,6
BRDA:37,0,1,6
BRF:2
BRH:2
end_of_record
